2020/04/27 19:35:01 [error] [php] include(model.php): failed to open stream: No such file or directory (C:\xampp\htdocs\yii\framework\YiiBase.php:463)
Stack trace:
#0 C:\xampp\htdocs\yiicwebapp\protected\models\Formsdemo.php(4): spl_autoload_call()
#1 C:\xampp\htdocs\yii\framework\YiiBase.php(463): include()
#2 unknown(0): autoload()
#3 C:\xampp\htdocs\yiicwebapp\protected\controllers\SiteController.php(112): spl_autoload_call()
#4 C:\xampp\htdocs\yii\framework\web\actions\CInlineAction.php(49): SiteController->actionuser()
#5 C:\xampp\htdocs\yii\framework\web\CController.php(308): CInlineAction->runWithParams()
#6 C:\xampp\htdocs\yii\framework\web\CController.php(286): SiteController->runAction()
#7 C:\xampp\htdocs\yii\framework\web\CController.php(265): SiteController->runActionWithFilters()
#8 C:\xampp\htdocs\yii\framework\web\CWebApplication.php(282): SiteController->run()
#9 C:\xampp\htdocs\yii\framework\web\CWebApplication.php(141): CWebApplication->runController()
#10 C:\xampp\htdocs\yii\framework\base\CApplication.php(185): CWebApplication->processRequest()
#11 C:\xampp\htdocs\yiicwebapp\index.php(13): CWebApplication->run()
REQUEST_URI=/yiicwebapp/index.php?r=site/user
in C:\xampp\htdocs\yiicwebapp\protected\models\Formsdemo.php (4)
in C:\xampp\htdocs\yiicwebapp\protected\controllers\SiteController.php (112)
in C:\xampp\htdocs\yiicwebapp\index.php (13)
2020/04/27 19:42:03 [error] [php] include(Model.php): failed to open stream: No such file or directory (C:\xampp\htdocs\yii\framework\YiiBase.php:463)
Stack trace:
#0 C:\xampp\htdocs\yiicwebapp\protected\models\Formsdemo.php(3): spl_autoload_call()
#1 C:\xampp\htdocs\yii\framework\YiiBase.php(463): include()
#2 unknown(0): autoload()
#3 C:\xampp\htdocs\yiicwebapp\protected\controllers\SiteController.php(112): spl_autoload_call()
#4 C:\xampp\htdocs\yii\framework\web\actions\CInlineAction.php(49): SiteController->actionformsdemo()
#5 C:\xampp\htdocs\yii\framework\web\CController.php(308): CInlineAction->runWithParams()
#6 C:\xampp\htdocs\yii\framework\web\CController.php(286): SiteController->runAction()
#7 C:\xampp\htdocs\yii\framework\web\CController.php(265): SiteController->runActionWithFilters()
#8 C:\xampp\htdocs\yii\framework\web\CWebApplication.php(282): SiteController->run()
#9 C:\xampp\htdocs\yii\framework\web\CWebApplication.php(141): CWebApplication->runController()
#10 C:\xampp\htdocs\yii\framework\base\CApplication.php(185): CWebApplication->processRequest()
#11 C:\xampp\htdocs\yiicwebapp\index.php(13): CWebApplication->run()
REQUEST_URI=/yiicwebapp/index.php?r=site/formsdemo
in C:\xampp\htdocs\yiicwebapp\protected\models\Formsdemo.php (3)
in C:\xampp\htdocs\yiicwebapp\protected\controllers\SiteController.php (112)
in C:\xampp\htdocs\yiicwebapp\index.php (13)
2020/04/28 06:15:53 [error] [exception.Error] Error: Class 'yiicwebapp\models\formsdemo' not found in C:\xampp\htdocs\yiicwebapp\protected\controllers\SiteController.php:112
Stack trace:
#0 C:\xampp\htdocs\yii\framework\web\actions\CInlineAction.php(49): SiteController->actionformsdemo()
#1 C:\xampp\htdocs\yii\framework\web\CController.php(308): CInlineAction->runWithParams(Array)
#2 C:\xampp\htdocs\yii\framework\web\CController.php(286): CController->runAction(Object(CInlineAction))
#3 C:\xampp\htdocs\yii\framework\web\CController.php(265): CController->runActionWithFilters(Object(CInlineAction), Array)
#4 C:\xampp\htdocs\yii\framework\web\CWebApplication.php(282): CController->run('formsdemo')
#5 C:\xampp\htdocs\yii\framework\web\CWebApplication.php(141): CWebApplication->runController('site/formsdemo')
#6 C:\xampp\htdocs\yii\framework\base\CApplication.php(185): CWebApplication->processRequest()
#7 C:\xampp\htdocs\yiicwebapp\index.php(13): CApplication->run()
#8 {main}
REQUEST_URI=/yiicwebapp/index.php?r=site/formsdemo
---
2020/04/28 06:16:33 [error] [exception.Error] Error: Class 'app\models\formsdemo' not found in C:\xampp\htdocs\yiicwebapp\protected\controllers\SiteController.php:112
Stack trace:
#0 C:\xampp\htdocs\yii\framework\web\actions\CInlineAction.php(49): SiteController->actionformsdemo()
#1 C:\xampp\htdocs\yii\framework\web\CController.php(308): CInlineAction->runWithParams(Array)
#2 C:\xampp\htdocs\yii\framework\web\CController.php(286): CController->runAction(Object(CInlineAction))
#3 C:\xampp\htdocs\yii\framework\web\CController.php(265): CController->runActionWithFilters(Object(CInlineAction), Array)
#4 C:\xampp\htdocs\yii\framework\web\CWebApplication.php(282): CController->run('formsdemo')
#5 C:\xampp\htdocs\yii\framework\web\CWebApplication.php(141): CWebApplication->runController('site/formsdemo')
#6 C:\xampp\htdocs\yii\framework\base\CApplication.php(185): CWebApplication->processRequest()
#7 C:\xampp\htdocs\yiicwebapp\index.php(13): CApplication->run()
#8 {main}
REQUEST_URI=/yiicwebapp/index.php?r=site/formsdemo
---
2020/04/28 06:27:05 [error] [exception.Error] Error: Class 'yiicwebapp\models\Formsdemo' not found in C:\xampp\htdocs\yiicwebapp\protected\controllers\SiteController.php:112
Stack trace:
#0 C:\xampp\htdocs\yii\framework\web\actions\CInlineAction.php(49): SiteController->actionFormsdemo()
#1 C:\xampp\htdocs\yii\framework\web\CController.php(308): CInlineAction->runWithParams(Array)
#2 C:\xampp\htdocs\yii\framework\web\CController.php(286): CController->runAction(Object(CInlineAction))
#3 C:\xampp\htdocs\yii\framework\web\CController.php(265): CController->runActionWithFilters(Object(CInlineAction), Array)
#4 C:\xampp\htdocs\yii\framework\web\CWebApplication.php(282): CController->run('formsdemo')
#5 C:\xampp\htdocs\yii\framework\web\CWebApplication.php(141): CWebApplication->runController('site/formsdemo')
#6 C:\xampp\htdocs\yii\framework\base\CApplication.php(185): CWebApplication->processRequest()
#7 C:\xampp\htdocs\yiicwebapp\index.php(13): CApplication->run()
#8 {main}
REQUEST_URI=/yiicwebapp/index.php?r=site/formsdemo
---
2020/04/28 06:34:04 [error] [exception.CHttpException.404] CHttpException: The system is unable to find the requested action "user". in C:\xampp\htdocs\yii\framework\web\CController.php:486
Stack trace:
#0 C:\xampp\htdocs\yii\framework\web\CController.php(270): CController->missingAction('user')
#1 C:\xampp\htdocs\yii\framework\web\CWebApplication.php(282): CController->run('user')
#2 C:\xampp\htdocs\yii\framework\web\CWebApplication.php(141): CWebApplication->runController('site/user')
#3 C:\xampp\htdocs\yii\framework\base\CApplication.php(185): CWebApplication->processRequest()
#4 C:\xampp\htdocs\yiicwebapp\index.php(13): CApplication->run()
#5 {main}
REQUEST_URI=/yiicwebapp/index.php?r=site/user
---
2020/04/28 06:34:27 [error] [exception.Error] Error: Class 'yiicwebapp\models\Formsdemo' not found in C:\xampp\htdocs\yiicwebapp\protected\controllers\SiteController.php:112
Stack trace:
#0 C:\xampp\htdocs\yii\framework\web\actions\CInlineAction.php(49): SiteController->actionFormsdemo()
#1 C:\xampp\htdocs\yii\framework\web\CController.php(308): CInlineAction->runWithParams(Array)
#2 C:\xampp\htdocs\yii\framework\web\CController.php(286): CController->runAction(Object(CInlineAction))
#3 C:\xampp\htdocs\yii\framework\web\CController.php(265): CController->runActionWithFilters(Object(CInlineAction), Array)
#4 C:\xampp\htdocs\yii\framework\web\CWebApplication.php(282): CController->run('formsdemo')
#5 C:\xampp\htdocs\yii\framework\web\CWebApplication.php(141): CWebApplication->runController('site/formsdemo')
#6 C:\xampp\htdocs\yii\framework\base\CApplication.php(185): CWebApplication->processRequest()
#7 C:\xampp\htdocs\yiicwebapp\index.php(13): CApplication->run()
#8 {main}
REQUEST_URI=/yiicwebapp/index.php?r=site/formsdemo
---
2020/04/28 06:36:06 [error] [exception.Error] Error: Class 'yiicwebapp\models\Formsdemo' not found in C:\xampp\htdocs\yiicwebapp\protected\controllers\SiteController.php:112
Stack trace:
#0 C:\xampp\htdocs\yii\framework\web\actions\CInlineAction.php(49): SiteController->actionFormsdemo()
#1 C:\xampp\htdocs\yii\framework\web\CController.php(308): CInlineAction->runWithParams(Array)
#2 C:\xampp\htdocs\yii\framework\web\CController.php(286): CController->runAction(Object(CInlineAction))
#3 C:\xampp\htdocs\yii\framework\web\CController.php(265): CController->runActionWithFilters(Object(CInlineAction), Array)
#4 C:\xampp\htdocs\yii\framework\web\CWebApplication.php(282): CController->run('formsdemo')
#5 C:\xampp\htdocs\yii\framework\web\CWebApplication.php(141): CWebApplication->runController('site/formsdemo')
#6 C:\xampp\htdocs\yii\framework\base\CApplication.php(185): CWebApplication->processRequest()
#7 C:\xampp\htdocs\yiicwebapp\index.php(13): CApplication->run()
#8 {main}
REQUEST_URI=/yiicwebapp/index.php?r=site/formsdemo
---
